{
  "RSpec": {
    "coverage": {
      "/home/ubuntu/workspace/hawks_annotation/config/environment.rb": [
        null,
        1,
        null,
        null,
        1,
        null
      ],
      "/home/ubuntu/workspace/hawks_annotation/config/application.rb": [
        1,
        null,
        null,
        1,
        1,
        null,
        null,
        null,
        1,
        null,
        1,
        1,
        null,
        null,
        null,
        null,
        null,
        null,
        null,
        null,
        null,
        null,
        null,
        null,
        null,
        1,
        null,
        null
      ],
      "/home/ubuntu/workspace/hawks_annotation/config/boot.rb": [
        1,
        null,
        1
      ],
      "/home/ubuntu/workspace/hawks_annotation/config/environments/test.rb": [
        1,
        null,
        null,
        null,
        null,
        null,
        null,
        1,
        null,
        null,
        null,
        null,
        1,
        null,
        null,
        1,
        1,
        null,
        null,
        1,
        1,
        null,
        null,
        1,
        null,
        null,
        1,
        null,
        null,
        null,
        null,
        1,
        null,
        null,
        1,
        null,
        null,
        1,
        null,
        null,
        null,
        null
      ],
      "/home/ubuntu/workspace/hawks_annotation/config/initializers/assets.rb": [
        null,
        null,
        null,
        1,
        null,
        null,
        null,
        null,
        null,
        null,
        null
      ],
      "/home/ubuntu/workspace/hawks_annotation/config/initializers/backtrace_silencers.rb": [
        null,
        null,
        null,
        null,
        null,
        null,
        null
      ],
      "/home/ubuntu/workspace/hawks_annotation/config/initializers/carrierwave.rb": [
        1,
        1,
        1,
        null,
        null,
        null,
        null,
        1,
        null
      ],
      "/home/ubuntu/workspace/hawks_annotation/config/initializers/cookies_serializer.rb": [
        null,
        null,
        1
      ],
      "/home/ubuntu/workspace/hawks_annotation/config/initializers/devise.rb": [
        null,
        null,
        1,
        null,
        null,
        null,
        null,
        null,
        null,
        null,
        null,
        null,
        null,
        null,
        1,
        null,
        null,
        null,
        null,
        null,
        null,
        null,
        null,
        null,
        null,
        null,
        1,
        null,
        null,
        null,
        null,
        null,
        null,
        null,
        null,
        null,
        null,
        null,
        null,
        null,
        null,
        null,
        null,
        null,
        null,
        null,
        null,
        null,
        1,
        null,
        null,
        null,
        null,
        1,
        null,
        null,
        null,
        null,
        null,
        null,
        null,
        null,
        null,
        null,
        null,
        null,
        null,
        null,
        null,
        null,
        null,
        null,
        null,
        null,
        null,
        null,
        null,
        null,
        null,
        null,
        null,
        null,
        null,
        null,
        1,
        null,
        null,
        null,
        null,
        null,
        null,
        null,
        null,
        null,
        null,
        null,
        null,
        null,
        null,
        null,
        null,
        null,
        null,
        null,
        null,
        null,
        null,
        1,
        null,
        null,
        null,
        null,
        null,
        null,
        null,
        null,
        null,
        null,
        null,
        null,
        null,
        null,
        null,
        null,
        null,
        null,
        null,
        null,
        null,
        null,
        null,
        null,
        null,
        null,
        null,
        null,
        null,
        null,
        1,
        null,
        null,
        null,
        null,
        null,
        null,
        null,
        null,
        null,
        1,
        null,
        null,
        null,
        null,
        null,
        null,
        null,
        null,
        null,
        null,
        1,
        null,
        null,
        null,
        null,
        1,
        null,
        null,
        null,
        null,
        null,
        null,
        null,
        null,
        null,
        null,
        null,
        null,
        null,
        null,
        null,
        null,
        null,
        null,
        null,
        null,
        null,
        null,
        null,
        null,
        null,
        null,
        null,
        null,
        null,
        null,
        null,
        null,
        null,
        null,
        null,
        null,
        null,
        null,
        null,
        null,
        1,
        null,
        null,
        null,
        null,
        null,
        null,
        null,
        null,
        null,
        null,
        null,
        null,
        null,
        null,
        null,
        null,
        null,
        null,
        null,
        null,
        null,
        null,
        null,
        null,
        null,
        null,
        null,
        null,
        null,
        null,
        null,
        null,
        null,
        null,
        null,
        null,
        null,
        null,
        null,
        null,
        null,
        1,
        null,
        null,
        null,
        null,
        null,
        null,
        null,
        null,
        null,
        null,
        null,
        null,
        null,
        null,
        null,
        null,
        null,
        null,
        null,
        null,
        null,
        null,
        null,
        null,
        null,
        null,
        null,
        null,
        null
      ],
      "/home/ubuntu/workspace/hawks_annotation/config/initializers/filter_parameter_logging.rb": [
        null,
        null,
        null,
        1
      ],
      "/home/ubuntu/workspace/hawks_annotation/config/initializers/inflections.rb": [
        null,
        null,
        null,
        null,
        null,
        null,
        null,
        null,
        null,
        null,
        null,
        null,
        null,
        null,
        null,
        null
      ],
      "/home/ubuntu/workspace/hawks_annotation/config/initializers/mime_types.rb": [
        null,
        null,
        null,
        null
      ],
      "/home/ubuntu/workspace/hawks_annotation/config/initializers/session_store.rb": [
        null,
        null,
        1
      ],
      "/home/ubuntu/workspace/hawks_annotation/config/initializers/simple_form.rb": [
        null,
        1,
        null,
        null,
        null,
        null,
        null,
        1,
        null,
        null,
        null,
        null,
        null,
        null,
        null,
        null,
        null,
        1,
        null,
        null,
        null,
        1,
        null,
        null,
        null,
        null,
        null,
        null,
        null,
        null,
        null,
        1,
        null,
        null,
        1,
        null,
        null,
        1,
        null,
        null,
        1,
        null,
        null,
        1,
        null,
        null,
        1,
        1,
        1,
        null,
        null,
        null,
        null,
        null,
        null,
        null,
        null,
        null,
        1,
        null,
        null,
        null,
        null,
        null,
        1,
        null,
        null,
        1,
        null,
        null,
        null,
        null,
        null,
        null,
        null,
        1,
        null,
        null,
        1,
        null,
        null,
        null,
        null,
        null,
        null,
        null,
        null,
        null,
        null,
        null,
        null,
        null,
        null,
        null,
        null,
        null,
        null,
        null,
        null,
        null,
        null,
        null,
        null,
        null,
        null,
        null,
        null,
        null,
        null,
        null,
        null,
        null,
        null,
        null,
        null,
        null,
        null,
        null,
        null,
        null,
        null,
        null,
        null,
        1,
        null,
        null,
        null,
        null,
        null,
        null,
        null,
        null,
        null,
        null,
        null,
        null,
        null,
        null,
        null,
        null,
        null,
        null,
        null,
        null,
        null,
        null,
        null,
        null,
        null,
        null,
        null,
        null,
        null,
        null,
        null,
        null,
        null,
        null,
        null,
        null,
        1,
        null,
        null,
        null,
        null,
        null,
        null,
        null,
        null
      ],
      "/home/ubuntu/workspace/hawks_annotation/config/initializers/simple_form_bootstrap.rb": [
        null,
        1,
        1,
        1,
        1,
        null,
        1,
        1,
        1,
        1,
        1,
        1,
        1,
        1,
        1,
        null,
        1,
        1,
        1,
        null,
        null,
        1,
        1,
        1,
        1,
        1,
        1,
        1,
        null,
        1,
        1,
        1,
        null,
        null,
        1,
        1,
        1,
        null,
        1,
        1,
        null,
        null,
        1,
        1,
        null,
        null,
        1,
        1,
        1,
        1,
        1,
        1,
        1,
        null,
        null,
        1,
        1,
        1,
        1,
        1,
        1,
        1,
        1,
        1,
        null,
        1,
        1,
        1,
        1,
        null,
        null,
        null,
        1,
        1,
        1,
        1,
        1,
        1,
        1,
        null,
        1,
        1,
        1,
        1,
        null,
        null,
        null,
        1,
        1,
        1,
        null,
        1,
        1,
        1,
        null,
        null,
        1,
        1,
        null,
        null,
        null,
        1,
        1,
        1,
        null,
        1,
        null,
        1,
        1,
        1,
        1,
        null,
        null,
        null,
        1,
        1,
        1,
        1,
        1,
        1,
        1,
        1,
        1,
        null,
        1,
        1,
        1,
        null,
        null,
        1,
        1,
        1,
        1,
        1,
        1,
        1,
        1,
        null,
        null,
        null,
        null,
        null,
        null,
        1,
        1,
        null,
        null,
        null,
        null,
        null,
        null,
        null,
        null,
        null
      ],
      "/home/ubuntu/workspace/hawks_annotation/config/initializers/wrap_parameters.rb": [
        null,
        null,
        null,
        null,
        null,
        null,
        1,
        1,
        null,
        null,
        null,
        null,
        null,
        null
      ],
      "/home/ubuntu/workspace/hawks_annotation/spec/factories/projects_factory.rb": [
        1,
        1,
        1,
        1,
        1,
        null,
        null,
        1,
        1,
        1,
        1,
        null,
        null,
        1,
        54,
        1,
        null,
        null,
        1,
        40,
        1,
        1,
        1,
        null,
        1,
        12,
        1,
        1,
        1,
        null,
        1,
        2,
        1,
        1,
        1,
        null,
        1,
        null,
        1,
        1,
        1,
        1,
        1,
        1,
        null,
        1,
        1,
        1,
        null,
        null,
        1,
        1,
        1,
        null,
        null,
        1,
        1,
        1,
        null,
        1,
        1,
        null,
        1,
        1,
        null,
        1,
        1,
        null,
        1,
        1,
        1,
        null,
        null,
        null
      ],
      "/home/ubuntu/workspace/hawks_annotation/config/routes.rb": [
        1,
        1,
        1,
        1,
        1,
        1,
        1,
        null,
        null,
        1,
        1,
        1,
        null,
        1,
        null,
        null,
        null,
        null,
        null,
        1,
        1,
        1,
        1,
        null,
        1,
        1,
        null,
        null
      ],
      "/home/ubuntu/workspace/hawks_annotation/app/models/user.rb": [
        null,
        1,
        1,
        1,
        null,
        null,
        1,
        null,
        1,
        1,
        null
      ],
      "/home/ubuntu/workspace/hawks_annotation/app/helpers/answers_helper.rb": [
        1,
        null
      ],
      "/home/ubuntu/workspace/hawks_annotation/app/helpers/application_helper.rb": [
        1,
        1,
        0,
        null,
        1,
        0,
        0,
        0,
        0,
        null,
        null,
        null,
        null,
        null
      ],
      "/home/ubuntu/workspace/hawks_annotation/app/helpers/downloads_helper.rb": [
        1,
        null
      ],
      "/home/ubuntu/workspace/hawks_annotation/app/helpers/options_helper.rb": [
        1,
        null
      ],
      "/home/ubuntu/workspace/hawks_annotation/app/helpers/project_files_helper.rb": [
        1,
        null
      ],
      "/home/ubuntu/workspace/hawks_annotation/app/helpers/projects_helper.rb": [
        1,
        null
      ],
      "/home/ubuntu/workspace/hawks_annotation/app/helpers/questions_helper.rb": [
        1,
        null
      ],
      "/home/ubuntu/workspace/hawks_annotation/app/helpers/users_helper.rb": [
        1,
        null
      ],
      "/home/ubuntu/workspace/hawks_annotation/app/controllers/answers_controller.rb": [
        1,
        null,
        1,
        null,
        1,
        null,
        null,
        null,
        1,
        2,
        null,
        2,
        1,
        1,
        1,
        1,
        null,
        1,
        1,
        null,
        null,
        2,
        null,
        2,
        null,
        null,
        null,
        null,
        null,
        null,
        null,
        null,
        null,
        null,
        null,
        1,
        0,
        0,
        0,
        0,
        null,
        0,
        0,
        null,
        null,
        null,
        1,
        0,
        0,
        0,
        0,
        null,
        null,
        null,
        1,
        0,
        0,
        0,
        0,
        0,
        null,
        null,
        null,
        null,
        1,
        0,
        0,
        null,
        null,
        0,
        0,
        0,
        0,
        0,
        null,
        null,
        0,
        0,
        null,
        null,
        null,
        null,
        1,
        1,
        1,
        1,
        1,
        null,
        null,
        1,
        2,
        null,
        null,
        null,
        null
      ],
      "/home/ubuntu/workspace/hawks_annotation/app/controllers/application_controller.rb": [
        1,
        null,
        null,
        1,
        null
      ],
      "/home/ubuntu/workspace/hawks_annotation/spec/controllers/downloads_controller_spec.rb": [
        1,
        null,
        1,
        1,
        4,
        4,
        4,
        4,
        4,
        4,
        4,
        null,
        null,
        1,
        2,
        1,
        1,
        1,
        null,
        null,
        1,
        2,
        1,
        1,
        1,
        null,
        null,
        1,
        2,
        1,
        1,
        1,
        null,
        null,
        1,
        2,
        1,
        1,
        1,
        null,
        null,
        null
      ],
      "/home/ubuntu/workspace/hawks_annotation/app/controllers/downloads_controller.rb": [
        1,
        1,
        null,
        null,
        4,
        4,
        4,
        null,
        4,
        null,
        null,
        1,
        null,
        null,
        4,
        null,
        null,
        1,
        null,
        4,
        1,
        null,
        4,
        null,
        null,
        3,
        3,
        3,
        null,
        null,
        null,
        1,
        1,
        1,
        null,
        null,
        null
      ],
      "/home/ubuntu/workspace/hawks_annotation/spec/controllers/options_controller_spec.rb": [
        1,
        null,
        1,
        1,
        9,
        9,
        9,
        9,
        9,
        9,
        9,
        9,
        9,
        9,
        null,
        null,
        null,
        1,
        1,
        1,
        1,
        null,
        null,
        1,
        1,
        1,
        2,
        null,
        null,
        1,
        1,
        2,
        null,
        null,
        1,
        1,
        1,
        1,
        null,
        null,
        1,
        1,
        1,
        1,
        null,
        null,
        1,
        1,
        3,
        null,
        1,
        1,
        null,
        1,
        3,
        3,
        null,
        null,
        2,
        2,
        null,
        1,
        1,
        1,
        1,
        null,
        null,
        1,
        1,
        1,
        1,
        1,
        null,
        null,
        null,
        null,
        null
      ],
      "/home/ubuntu/workspace/hawks_annotation/app/controllers/options_controller.rb": [
        1,
        1,
        1,
        1,
        null,
        null,
        null,
        null,
        1,
        3,
        null,
        null,
        3,
        1,
        1,
        null,
        2,
        2,
        null,
        null,
        null,
        1,
        1,
        1,
        null,
        null,
        1,
        4,
        4,
        3,
        3,
        null,
        1,
        1,
        null,
        null,
        1,
        1,
        1,
        1,
        null,
        null,
        1,
        null,
        1,
        7,
        null,
        null,
        null
      ],
      "/home/ubuntu/workspace/hawks_annotation/spec/controllers/project_files_controller_spec.rb": [
        1,
        null,
        1,
        1,
        4,
        4,
        4,
        4,
        4,
        4,
        4,
        null,
        null,
        null,
        null,
        null,
        1,
        1,
        1,
        1,
        null,
        null,
        1,
        1,
        1,
        1,
        null,
        null,
        null,
        1,
        1,
        1,
        1,
        1,
        null,
        null,
        1,
        1,
        2,
        null,
        null,
        null,
        null,
        null
      ],
      "/home/ubuntu/workspace/hawks_annotation/app/controllers/project_files_controller.rb": [
        1,
        1,
        null,
        1,
        1,
        1,
        null,
        null,
        1,
        null,
        null,
        1,
        0,
        0,
        null,
        null,
        1,
        0,
        null,
        null,
        1,
        2,
        2,
        2,
        0,
        0,
        null,
        2,
        2,
        null,
        null,
        null,
        1,
        1,
        0,
        null,
        1,
        null,
        null,
        null,
        1,
        0,
        null,
        null,
        1,
        0,
        0,
        0,
        null,
        0,
        0,
        null,
        null,
        null,
        1,
        0,
        0,
        null,
        null,
        null,
        1,
        0,
        null,
        null,
        null,
        1,
        null,
        1,
        4,
        null,
        null,
        null
      ],
      "/home/ubuntu/workspace/hawks_annotation/spec/controllers/projects_controller_spec.rb": [
        1,
        1,
        1,
        null,
        1,
        1,
        13,
        null,
        null,
        13,
        13,
        null,
        13,
        13,
        null,
        null,
        null,
        1,
        1,
        1,
        null,
        1,
        1,
        3,
        null,
        null,
        1,
        1,
        1,
        null,
        null,
        1,
        1,
        1,
        null,
        null,
        1,
        1,
        1,
        null,
        null,
        1,
        1,
        1,
        1,
        null,
        null,
        null,
        null,
        null,
        1,
        1,
        2,
        null,
        null,
        1,
        1,
        null,
        null,
        1,
        1,
        1,
        2,
        null,
        null,
        null,
        1,
        1,
        1,
        1,
        null,
        null,
        1,
        null,
        1,
        null,
        1,
        null,
        1,
        1,
        1,
        null,
        null,
        null,
        1,
        null,
        1,
        1,
        1,
        null,
        null,
        null,
        null,
        1,
        1,
        1,
        1,
        null,
        null,
        null,
        1,
        1,
        1,
        1,
        null,
        null,
        null,
        null,
        null
      ],
      "/home/ubuntu/workspace/hawks_annotation/app/controllers/projects_controller.rb": [
        1,
        null,
        1,
        null,
        1,
        null,
        0,
        0,
        0,
        0,
        null,
        null,
        null,
        1,
        6,
        null,
        6,
        0,
        null,
        6,
        null,
        null,
        6,
        0,
        null,
        6,
        null,
        null,
        null,
        null,
        null,
        1,
        null,
        null,
        null,
        0,
        0,
        0,
        0,
        0,
        null,
        0,
        null,
        0,
        0,
        null,
        1,
        1,
        null,
        null,
        1,
        3,
        3,
        1,
        1,
        1,
        null,
        2,
        null,
        null,
        null,
        1,
        1,
        1,
        null,
        null,
        1,
        1,
        1,
        1,
        null,
        0,
        null,
        null,
        null,
        1,
        null,
        null,
        1,
        null,
        0,
        0,
        null,
        null,
        null,
        null,
        1,
        null,
        2,
        null,
        null,
        null,
        1,
        1,
        1,
        1,
        1,
        1,
        1,
        null,
        null,
        null,
        1,
        null,
        1,
        4,
        null,
        null
      ],
      "/home/ubuntu/workspace/hawks_annotation/spec/controllers/questions_controller_spec.rb": [
        1,
        null,
        1,
        1,
        17,
        17,
        17,
        17,
        17,
        17,
        17,
        null,
        1,
        1,
        1,
        1,
        null,
        null,
        null,
        1,
        1,
        1,
        1,
        null,
        null,
        null,
        1,
        1,
        1,
        1,
        null,
        null,
        1,
        1,
        1,
        2,
        null,
        1,
        1,
        2,
        null,
        1,
        1,
        2,
        null,
        null,
        1,
        1,
        2,
        null,
        1,
        1,
        2,
        1,
        1,
        null,
        null,
        null,
        1,
        1,
        1,
        1,
        null,
        null,
        1,
        1,
        3,
        null,
        null,
        1,
        3,
        3,
        null,
        null,
        2,
        2,
        2,
        null,
        null,
        1,
        1,
        1,
        1,
        null,
        1,
        1,
        1,
        null,
        null,
        null,
        1,
        2,
        1,
        1,
        1,
        null,
        null,
        1,
        1,
        1,
        1,
        1,
        null,
        null,
        null,
        null,
        1,
        2,
        2,
        null,
        null,
        null
      ],
      "/home/ubuntu/workspace/hawks_annotation/app/controllers/questions_controller.rb": [
        1,
        1,
        null,
        1,
        1,
        1,
        1,
        null,
        null,
        1,
        null,
        null,
        1,
        null,
        6,
        null,
        null,
        6,
        5,
        2,
        2,
        2,
        2,
        2,
        2,
        2,
        null,
        null,
        null,
        null,
        null,
        null,
        null,
        5,
        3,
        3,
        3,
        3,
        3,
        null,
        3,
        3,
        3,
        3,
        null,
        null,
        null,
        null,
        null,
        null,
        5,
        4,
        4,
        null,
        1,
        1,
        null,
        null,
        1,
        1,
        1,
        null,
        null,
        null,
        1,
        1,
        0,
        null,
        1,
        null,
        null,
        null,
        1,
        1,
        null,
        null,
        1,
        3,
        3,
        3,
        null,
        0,
        0,
        null,
        null,
        null,
        null,
        1,
        null,
        2,
        null,
        2,
        1,
        null,
        null,
        1,
        1,
        null,
        1,
        1,
        1,
        1,
        1,
        1,
        null,
        null,
        null,
        null,
        null,
        null,
        null,
        null,
        null,
        null,
        null,
        null,
        null,
        null,
        null,
        null,
        null,
        null,
        null,
        null,
        null,
        null,
        null,
        null,
        null,
        null,
        null,
        null,
        null,
        0,
        0,
        null,
        null,
        null,
        null,
        2,
        null,
        null,
        null,
        1,
        1,
        1,
        1,
        1,
        1,
        null,
        null,
        null,
        null,
        1,
        1,
        1,
        null,
        null,
        null,
        1,
        8,
        null,
        null,
        null,
        1,
        null,
        1,
        9,
        null,
        null
      ],
      "/home/ubuntu/workspace/hawks_annotation/spec/helpers/answers_helper_spec.rb": [
        1,
        null,
        null,
        null,
        null,
        null,
        null,
        null,
        null,
        null,
        null,
        null,
        1,
        1,
        null
      ],
      "/home/ubuntu/workspace/hawks_annotation/spec/helpers/downloads_helper_spec.rb": [
        1,
        null,
        null,
        null,
        null,
        null,
        null,
        null,
        null,
        null,
        null,
        null,
        1,
        1,
        null
      ],
      "/home/ubuntu/workspace/hawks_annotation/spec/helpers/options_helper_spec.rb": [
        1,
        null,
        null,
        null,
        null,
        null,
        null,
        null,
        null,
        null,
        null,
        null,
        1,
        1,
        null
      ],
      "/home/ubuntu/workspace/hawks_annotation/spec/helpers/project_files_helper_spec.rb": [
        1,
        null,
        null,
        null,
        null,
        null,
        null,
        null,
        null,
        null,
        null,
        null,
        1,
        1,
        null
      ],
      "/home/ubuntu/workspace/hawks_annotation/spec/helpers/questions_helper_spec.rb": [
        1,
        null,
        null,
        null,
        null,
        null,
        null,
        null,
        null,
        null,
        null,
        null,
        1,
        1,
        null
      ],
      "/home/ubuntu/workspace/hawks_annotation/spec/models/annotation_spec.rb": [
        1,
        null,
        1,
        1,
        null
      ],
      "/home/ubuntu/workspace/hawks_annotation/app/models/annotation.rb": [
        1,
        1,
        0,
        0,
        null,
        null
      ],
      "/home/ubuntu/workspace/hawks_annotation/spec/models/answer_spec.rb": [
        1,
        null,
        1,
        1,
        null
      ],
      "/home/ubuntu/workspace/hawks_annotation/app/models/answer.rb": [
        1,
        null,
        1,
        null,
        1,
        null,
        1,
        0,
        null,
        null,
        null,
        null,
        null,
        0,
        null,
        null,
        1,
        0,
        0,
        0,
        null,
        null,
        1,
        null,
        0,
        null,
        0,
        null,
        null,
        0,
        null,
        null,
        0,
        0,
        null,
        0,
        null,
        null,
        null,
        null,
        null,
        0,
        null,
        null,
        null,
        null,
        null,
        null,
        null
      ],
      "/home/ubuntu/workspace/hawks_annotation/spec/models/option_spec.rb": [
        null,
        1,
        null,
        1,
        3,
        null,
        1,
        1,
        1,
        null,
        null,
        1,
        1,
        1,
        null,
        null,
        null,
        null,
        null
      ],
      "/home/ubuntu/workspace/hawks_annotation/app/models/option.rb": [
        null,
        1,
        1,
        1,
        null
      ],
      "/home/ubuntu/workspace/hawks_annotation/spec/models/project_file_spec.rb": [
        1,
        null,
        1,
        1,
        null,
        null,
        null
      ],
      "/home/ubuntu/workspace/hawks_annotation/app/models/project_file.rb": [
        1,
        1,
        1,
        1,
        1,
        null,
        null
      ],
      "/home/ubuntu/workspace/hawks_annotation/app/uploaders/attachment_uploader.rb": [
        1,
        null,
        null,
        null,
        null,
        null,
        null,
        null,
        null,
        null,
        null,
        null,
        1,
        null,
        null,
        null,
        1,
        0,
        null,
        null,
        null,
        null,
        null,
        null,
        null,
        null,
        null,
        null,
        null,
        null,
        null,
        null,
        null,
        null,
        null,
        null,
        null,
        null,
        null,
        null,
        null,
        null,
        null,
        null,
        null,
        null,
        null,
        null,
        null,
        null,
        null,
        null,
        null
      ],
      "/home/ubuntu/workspace/hawks_annotation/spec/models/project_spec.rb": [
        1,
        null,
        1,
        1,
        null,
        1,
        1,
        1,
        1,
        1,
        null,
        null,
        null,
        null,
        null,
        null
      ],
      "/home/ubuntu/workspace/hawks_annotation/app/models/project.rb": [
        1,
        null,
        null,
        1,
        null,
        1,
        1,
        1,
        1,
        null
      ],
      "/home/ubuntu/workspace/hawks_annotation/spec/models/project_user_spec.rb": [
        1,
        null,
        1,
        1,
        null,
        null,
        null
      ],
      "/home/ubuntu/workspace/hawks_annotation/app/models/project_user.rb": [
        1,
        1,
        1,
        1,
        null,
        null,
        null,
        null
      ],
      "/home/ubuntu/workspace/hawks_annotation/spec/models/question_spec.rb": [
        1,
        null,
        1,
        3,
        null,
        1,
        1,
        1,
        null,
        null,
        1,
        1,
        1,
        null,
        1,
        1,
        1,
        1,
        1,
        null,
        null,
        null,
        null
      ],
      "/home/ubuntu/workspace/hawks_annotation/app/models/question.rb": [
        1,
        1,
        1,
        1,
        1,
        null,
        1,
        1,
        null
      ],
      "/home/ubuntu/workspace/hawks_annotation/spec/models/reference_spec.rb": [
        1,
        null,
        1,
        1,
        null
      ],
      "/home/ubuntu/workspace/hawks_annotation/app/models/reference.rb": [
        1,
        null
      ],
      "/home/ubuntu/workspace/hawks_annotation/spec/models/user_spec.rb": [
        1,
        null,
        1,
        null,
        4,
        null,
        1,
        1,
        1,
        null,
        null,
        1,
        1,
        1,
        null,
        null,
        1,
        1,
        1,
        null,
        null,
        1,
        1,
        1,
        1,
        1,
        null,
        null,
        null,
        null
      ]
    },
    "timestamp": 1512374140
  },
  "Cucumber Features": {
    "coverage": {
      "/home/ubuntu/workspace/hawks_annotation/app/models/user.rb": [
        null,
        1,
        1,
        1,
        null,
        null,
        1,
        null,
        1,
        1,
        null
      ],
      "/home/ubuntu/workspace/hawks_annotation/app/controllers/application_controller.rb": [
        1,
        null,
        null,
        1,
        null
      ],
      "/home/ubuntu/workspace/hawks_annotation/app/helpers/application_helper.rb": [
        1,
        1,
        27,
        null,
        1,
        96,
        27,
        27,
        27,
        null,
        null,
        null,
        null,
        null
      ],
      "/home/ubuntu/workspace/hawks_annotation/app/helpers/answers_helper.rb": [
        1,
        null
      ],
      "/home/ubuntu/workspace/hawks_annotation/app/helpers/downloads_helper.rb": [
        1,
        null
      ],
      "/home/ubuntu/workspace/hawks_annotation/app/helpers/options_helper.rb": [
        1,
        null
      ],
      "/home/ubuntu/workspace/hawks_annotation/app/helpers/project_files_helper.rb": [
        1,
        null
      ],
      "/home/ubuntu/workspace/hawks_annotation/app/helpers/projects_helper.rb": [
        1,
        null
      ],
      "/home/ubuntu/workspace/hawks_annotation/app/helpers/questions_helper.rb": [
        1,
        null
      ],
      "/home/ubuntu/workspace/hawks_annotation/app/helpers/users_helper.rb": [
        1,
        null
      ],
      "/home/ubuntu/workspace/hawks_annotation/app/controllers/projects_controller.rb": [
        1,
        null,
        1,
        null,
        1,
        null,
        1,
        1,
        1,
        1,
        null,
        null,
        null,
        1,
        27,
        null,
        27,
        1,
        null,
        26,
        null,
        null,
        27,
        1,
        null,
        26,
        null,
        null,
        null,
        null,
        null,
        1,
        null,
        null,
        null,
        0,
        0,
        0,
        0,
        0,
        null,
        0,
        null,
        0,
        0,
        null,
        1,
        12,
        null,
        null,
        1,
        12,
        12,
        12,
        12,
        12,
        null,
        0,
        null,
        null,
        null,
        1,
        13,
        13,
        null,
        null,
        1,
        1,
        1,
        1,
        null,
        0,
        null,
        null,
        null,
        1,
        null,
        null,
        1,
        null,
        1,
        1,
        null,
        null,
        null,
        null,
        1,
        null,
        17,
        null,
        null,
        null,
        1,
        15,
        15,
        14,
        14,
        14,
        14,
        null,
        null,
        null,
        1,
        null,
        1,
        13,
        null,
        null
      ],
      "/home/ubuntu/workspace/hawks_annotation/app/models/project.rb": [
        1,
        null,
        null,
        1,
        null,
        1,
        1,
        1,
        1,
        null
      ],
      "/home/ubuntu/workspace/hawks_annotation/app/models/project_user.rb": [
        1,
        1,
        1,
        1,
        null,
        null,
        null,
        null
      ],
      "/home/ubuntu/workspace/hawks_annotation/app/models/project_file.rb": [
        1,
        1,
        1,
        1,
        1,
        null,
        null
      ],
      "/home/ubuntu/workspace/hawks_annotation/app/uploaders/attachment_uploader.rb": [
        1,
        null,
        null,
        null,
        null,
        null,
        null,
        null,
        null,
        null,
        null,
        null,
        1,
        null,
        null,
        null,
        1,
        0,
        null,
        null,
        null,
        null,
        null,
        null,
        null,
        null,
        null,
        null,
        null,
        null,
        null,
        null,
        null,
        null,
        null,
        null,
        null,
        null,
        null,
        null,
        null,
        null,
        null,
        null,
        null,
        null,
        null,
        null,
        null,
        null,
        null,
        null,
        null
      ],
      "/home/ubuntu/workspace/hawks_annotation/app/models/answer.rb": [
        1,
        null,
        1,
        null,
        1,
        null,
        1,
        0,
        null,
        null,
        null,
        null,
        null,
        0,
        null,
        null,
        1,
        0,
        0,
        0,
        null,
        null,
        1,
        null,
        0,
        null,
        0,
        null,
        null,
        0,
        null,
        null,
        0,
        0,
        null,
        0,
        null,
        null,
        null,
        null,
        null,
        0,
        null,
        null,
        null,
        null,
        null,
        null,
        null
      ],
      "/home/ubuntu/workspace/hawks_annotation/app/controllers/questions_controller.rb": [
        1,
        1,
        null,
        1,
        3,
        3,
        3,
        null,
        null,
        1,
        null,
        null,
        1,
        null,
        0,
        null,
        null,
        0,
        0,
        0,
        0,
        0,
        0,
        0,
        0,
        0,
        null,
        null,
        null,
        null,
        null,
        null,
        null,
        0,
        0,
        0,
        0,
        0,
        0,
        null,
        0,
        0,
        0,
        0,
        null,
        null,
        null,
        null,
        null,
        null,
        0,
        0,
        0,
        null,
        0,
        0,
        null,
        null,
        0,
        0,
        0,
        null,
        null,
        null,
        1,
        5,
        2,
        null,
        3,
        null,
        null,
        null,
        1,
        0,
        null,
        null,
        1,
        0,
        0,
        0,
        null,
        0,
        0,
        null,
        null,
        null,
        null,
        1,
        null,
        0,
        null,
        0,
        0,
        null,
        null,
        0,
        0,
        null,
        0,
        0,
        0,
        0,
        0,
        0,
        null,
        null,
        null,
        null,
        null,
        null,
        null,
        null,
        null,
        null,
        null,
        null,
        null,
        null,
        null,
        null,
        null,
        null,
        null,
        null,
        null,
        null,
        null,
        null,
        null,
        null,
        null,
        null,
        null,
        0,
        0,
        null,
        null,
        null,
        null,
        0,
        null,
        null,
        null,
        1,
        0,
        0,
        0,
        0,
        0,
        null,
        null,
        null,
        null,
        1,
        0,
        0,
        null,
        null,
        null,
        1,
        0,
        null,
        null,
        null,
        1,
        null,
        1,
        0,
        null,
        null
      ],
      "/home/ubuntu/workspace/hawks_annotation/app/models/question.rb": [
        1,
        1,
        1,
        1,
        1,
        null,
        1,
        1,
        null
      ],
      "/home/ubuntu/workspace/hawks_annotation/app/controllers/downloads_controller.rb": [
        1,
        1,
        null,
        null,
        1,
        1,
        1,
        null,
        1,
        null,
        null,
        0,
        null,
        null,
        1,
        null,
        null,
        0,
        null,
        1,
        0,
        null,
        1,
        null,
        null,
        0,
        0,
        0,
        null,
        null,
        null,
        1,
        1,
        1,
        null,
        null,
        null
      ],
      "/home/ubuntu/workspace/hawks_annotation/app/controllers/project_files_controller.rb": [
        1,
        1,
        null,
        1,
        1,
        1,
        null,
        null,
        1,
        null,
        null,
        1,
        0,
        0,
        null,
        null,
        1,
        0,
        null,
        null,
        1,
        1,
        1,
        1,
        0,
        0,
        null,
        1,
        1,
        null,
        null,
        null,
        1,
        2,
        1,
        null,
        1,
        null,
        null,
        null,
        1,
        0,
        null,
        null,
        1,
        0,
        0,
        0,
        null,
        0,
        0,
        null,
        null,
        null,
        1,
        0,
        0,
        null,
        null,
        null,
        1,
        0,
        null,
        null,
        null,
        1,
        null,
        1,
        2,
        null,
        null,
        null
      ],
      "/home/ubuntu/workspace/hawks_annotation/app/models/annotation.rb": [
        0,
        0,
        0,
        0,
        0,
        0
      ],
      "/home/ubuntu/workspace/hawks_annotation/app/models/reference.rb": [
        0,
        0
      ],
      "/home/ubuntu/workspace/hawks_annotation/app/models/option.rb": [
        null,
        0,
        0,
        0,
        0
      ],
      "/home/ubuntu/workspace/hawks_annotation/app/controllers/answers_controller.rb": [
        0,
        null,
        0,
        null,
        0,
        null,
        0,
        null,
        0,
        0,
        null,
        0,
        0,
        0,
        0,
        0,
        0,
        0,
        0,
        0,
        null,
        0,
        null,
        0,
        0,
        0,
        null,
        null,
        null,
        null,
        null,
        null,
        null,
        null,
        null,
        0,
        0,
        0,
        0,
        0,
        0,
        0,
        0,
        0,
        0,
        null,
        0,
        0,
        0,
        0,
        0,
        0,
        0,
        null,
        0,
        0,
        0,
        0,
        0,
        0,
        0,
        0,
        null,
        null,
        0,
        0,
        0,
        null,
        null,
        0,
        0,
        0,
        0,
        0,
        0,
        null,
        0,
        0,
        0,
        0,
        null,
        null,
        0,
        0,
        0,
        0,
        0,
        0,
        null,
        0,
        0,
        0,
        null,
        null,
        0
      ],
      "/home/ubuntu/workspace/hawks_annotation/app/controllers/options_controller.rb": [
        0,
        0,
        0,
        0,
        null,
        null,
        0,
        null,
        0,
        0,
        0,
        0,
        0,
        0,
        0,
        0,
        0,
        0,
        0,
        0,
        null,
        0,
        0,
        0,
        0,
        null,
        0,
        0,
        0,
        0,
        0,
        0,
        0,
        0,
        0,
        0,
        0,
        0,
        0,
        0,
        0,
        null,
        0,
        null,
        0,
        0,
        0,
        null,
        0
      ],
      "/home/ubuntu/workspace/hawks_annotation/app/controllers/users_controller.rb": [
        0,
        0
      ]
    },
    "timestamp": 1512370974
  }
}
